<?xml version="1.0" encoding="UTF-8"?>
<!-- Generated by org.testng.reporters.JUnitReportReporter -->
<testsuite hostname="COLLABPH1002991" failures="0" tests="3" name="scripts.TC1_CreateAccount" time="60.529" errors="0" timestamp="2023-11-03T10:47:03 PST" skipped="0">
  <testcase classname="scripts.TC1_CreateAccount" name="validateHomePage" time="4.388"/>
  <system-out/>
  <testcase classname="scripts.TC1_CreateAccount" name="createAccount" time="51.338"/>
  <system-out/>
  <testcase classname="scripts.TC1_CreateAccount" name="invalidAccount" time="4.803"/>
  <system-out/>
</testsuite> <!-- scripts.TC1_CreateAccount -->
