<?xml version="1.0" encoding="UTF-8"?>
<!-- Generated by org.testng.reporters.JUnitReportReporter -->
<testsuite hostname="COLLABPH1002991" failures="0" tests="4" name="scripts.TC1_CreateAccount" time="67.368" errors="0" timestamp="2023-11-01T22:12:21 PST" skipped="0">
  <testcase classname="scripts.TC1_CreateAccount" name="createAccount" time="57.870"/>
  <system-out/>
  <testcase classname="scripts.TC1_CreateAccount" name="validateHomePage" time="4.479"/>
  <system-out/>
  <testcase classname="scripts.TC1_CreateAccount" name="invalidAccount" time="0.665"/>
  <system-out/>
  <testcase classname="scripts.TC1_CreateAccount" name="validateHomePage" time="4.354"/>
  <system-out/>
</testsuite> <!-- scripts.TC1_CreateAccount -->
