<?xml version="1.0" encoding="UTF-8"?>
<!-- Generated by org.testng.reporters.JUnitReportReporter -->
<testsuite hostname="COLLABPH1002991" failures="0" tests="2" name="scripts.TC2_ProductsAndCart" time="41.003" errors="0" timestamp="2023-11-03T10:47:03 PST" skipped="0">
  <testcase classname="scripts.TC2_ProductsAndCart" name="validateProductsNavigation" time="31.424"/>
  <system-out/>
  <testcase classname="scripts.TC2_ProductsAndCart" name="addToCartByProductName" time="9.579"/>
  <system-out/>
</testsuite> <!-- scripts.TC2_ProductsAndCart -->
