<?xml version="1.0" encoding="UTF-8"?>
<!-- Generated by org.testng.reporters.JUnitReportReporter -->
<testsuite hostname="COLLABPH1002991" failures="0" tests="2" name="scripts.TC2_ProductsAndCart" time="56.955" errors="0" timestamp="2023-11-02T15:01:05 PST" skipped="0">
  <testcase classname="scripts.TC2_ProductsAndCart" name="validateProductsNavigation" time="43.560"/>
  <system-out/>
  <testcase classname="scripts.TC2_ProductsAndCart" name="addToCartByProductName" time="13.395"/>
  <system-out/>
</testsuite> <!-- scripts.TC2_ProductsAndCart -->
