<?xml version="1.0" encoding="UTF-8"?>
<!-- Generated by org.testng.reporters.JUnitReportReporter -->
<testsuite hostname="COLLABPH1002991" failures="0" tests="2" name="scripts.TC1_CreateAccount" time="22.175" errors="0" timestamp="2023-11-01T22:44:24 PST" skipped="0">
  <testcase classname="scripts.TC1_CreateAccount" name="createAccount" time="18.149"/>
  <system-out/>
  <testcase classname="scripts.TC1_CreateAccount" name="validateHomePage" time="4.026"/>
  <system-out/>
</testsuite> <!-- scripts.TC1_CreateAccount -->
